Diagnose log at 2026-06-06T19:18:14Z

AppPath: C:\Program Files\Git\mingw64\bin\git-credential-manager.exe
InstallDir: C:\Program Files\Git\mingw64\bin\
Version: 2.6.1+786ab03440ddc82e807a97c0e540f5247e44cec6

------------
Diagnostic: Environment
Skipped: False
Success: True
Exception: None
Log:
OSType: Windows
OSVersion: 10.0 (build 26200)
Reading environment variables... OK
 Variables:
HOMEPATH=\Users\valde
EFC_1916_4126798990=1
COMPUTERNAME=VALDEZ0013
DriverData=C:\Windows\System32\Drivers\DriverData
GIT_TRACE2_PARENT_SID=34c48ada-201c-4a57-89f1-63329bde868b
CommonProgramFiles(x86)=C:\Program Files (x86)\Common Files
OneDrive=C:\Users\valde\OneDrive
EFC_1916_344590478=1
SESSIONNAME=Console
TMP=C:\Users\valde\AppData\Local\Temp
PROCESSOR_REVISION=8e0c
PATHEXT=.COM;.EXE;.BAT;.CMD;.VBS;.VBE;.JS;.JSE;.WSF;.WSH;.MSC;.CPL
EFC_1916_1592913036=1
GIT_EXEC_PATH=C:/Program Files/Git/mingw64/libexec/git-core
TEMP=C:\Users\valde\AppData\Local\Temp
LOCALAPPDATA=C:\Users\valde\AppData\Local
MSYSTEM=MINGW64
TERM=xterm-256color
PROCESSOR_IDENTIFIER=Intel64 Family 6 Model 142 Stepping 12, GenuineIntel
COLORTERM=truecolor
windir=C:\WINDOWS
USERDOMAIN=VALDEZ0013
Path=C:/Program Files/Git/mingw64/libexec/git-core;C:\Program Files\Git\mingw64\bin;C:\Program Files\Git\usr\bin;C:\Users\valde\bin;C:\Program Files (x86)\Common Files\Oracle\Java\java8path;C:\Program Files (x86)\Common Files\Oracle\Java\javapath;C:\WINDOWS\system32;C:\WINDOWS;C:\WINDOWS\System32\Wbem;C:\WINDOWS\System32\WindowsPowerShell\v1.0\;C:\WINDOWS\System32\OpenSSH\;C:\Program Files\MiKTeX\miktex\bin\x64\;C:\Program Files\gs\gs10.04.0\bin;C:\Program Files\Microsoft SQL Server\150\Tools\Binn\;C:\Program Files\Microsoft SQL Server\Client SDK\ODBC\170\Tools\Binn\;C:\Program Files\dotnet\;C:\Program Files\Git\cmd;C:\Program Files\nodejs\;C:\Program Files\cursor\resources\app\bin;C:\Users\valde\.config\herd\bin\nvm;C:\Program Files\nodejs;C:\Users\valde\AppData\Local\Programs\Python\Python314\Scripts\;C:\Users\valde\AppData\Local\Programs\Python\Python314\;C:\Users\valde\AppData\Local\Programs\Python\Launcher\;C:\Users\valde\.config\herd\bin;C:\Users\valde\AppData\Local\Microsoft\WindowsApps;C:\Users\valde\AppData\Local\Programs\Microsoft VS Code\bin;C:\Users\valde\.dotnet\tools;C:\Users\valde\AppData\Roaming\npm;C:\Users\valde\AppData\Local\Programs\Antigravity\bin
PROCESSOR_LEVEL=6
NUMBER_OF_PROCESSORS=8
TMPDIR=C:\Users\valde\AppData\Local\Temp
EFC_1916_2946480783=1
ProgramFiles(x86)=C:\Program Files (x86)
PUBLIC=C:\Users\Public
FPS_BROWSER_USER_PROFILE_STRING=Default
CommonProgramFiles=C:\Program Files (x86)\Common Files
PLINK_PROTOCOL=ssh
ProgramData=C:\ProgramData
ProgramW6432=C:\Program Files
ProgramFiles=C:\Program Files (x86)
SystemRoot=C:\WINDOWS
NVM_SYMLINK=C:\Program Files\nodejs
NVM_HOME=C:\Users\valde\.config\herd\bin\nvm
HOME=C:\Users\valde
LC_CTYPE=C.UTF-8
CommonProgramW6432=C:\Program Files\Common Files
ZES_ENABLE_SYSMAN=1
LOGONSERVER=\\VALDEZ0013
USERPROFILE=C:\Users\valde
USERDOMAIN_ROAMINGPROFILE=VALDEZ0013
APPDATA=C:\Users\valde\AppData\Roaming
HOMEDRIVE=C:
PSModulePath=C:\Users\valde\OneDrive\Documents\WindowsPowerShell\Modules;C:\Program Files\WindowsPowerShell\Modules;C:\WINDOWS\system32\WindowsPowerShell\v1.0\Modules
VBOX_MSI_INSTALL_PATH=C:\Program Files\Oracle\VirtualBox\
USERNAME=valde
PROCESSOR_ARCHITEW6432=AMD64
FPS_BROWSER_APP_PROFILE_STRING=Internet Explorer
PROCESSOR_ARCHITECTURE=x86
OS=Windows_NT
ComSpec=C:\WINDOWS\system32\cmd.exe
SystemDrive=C:
PT8HOME=C:\Program Files\Cisco Packet Tracer 8.2.2
OneDriveConsumer=C:\Users\valde\OneDrive
ALLUSERSPROFILE=C:\ProgramData


------------
Diagnostic: File system
Skipped: False
Success: True
Exception: None
Log:
Temporary directory is 'C:\Users\valde\AppData\Local\Temp\'...
Checking basic file I/O...
Writing to temporary file 'C:\Users\valde\AppData\Local\Temp\a0704656a27efe7acec21b93'... OK
Reading from temporary file 'C:\Users\valde\AppData\Local\Temp\a0704656a27efe7acec21b93'... OK
Deleting temporary file 'C:\Users\valde\AppData\Local\Temp\a0704656a27efe7acec21b93'... OK
Testing IFileSystem instance...
UserHomePath: C:\Users\valde
UserDataDirectoryPath: C:\Users\valde\.gcm
GetCurrentDirectory(): C:\Users\valde\morethan-log-astro

------------
Diagnostic: Networking
Skipped: False
Success: True
Exception: None
Log:
Checking networking and HTTP stack...
Creating HTTP client... OK
IsNetworkAvailable: True
Sending HEAD request to http://example.com...Sending HEAD request to https://example.com... OK
 OK
Acquiring free TCP port... OK
Testing local HTTP loopback connections...
Creating new HTTP listener for http://localhost:57354/... OK
Waiting for loopback connection... OK
Writing response... OK
Waiting for response data... OK
Loopback connection data OK

------------
Diagnostic: Git
Skipped: False
Success: True
Exception: None
Log:
Getting Git version... OK
Git version is '2.51.0.windows.2'
Locating current repository...Git repository at 'C:/Users/valde/morethan-log-astro/.git'
 OK
Listing all Git configuration... OK
Git configuration:
file:C:/Program Files/Git/etc/gitconfig	diff.astextplain.textconv=astextplain
file:C:/Program Files/Git/etc/gitconfig	filter.lfs.clean=git-lfs clean -- %f
file:C:/Program Files/Git/etc/gitconfig	filter.lfs.smudge=git-lfs smudge -- %f
file:C:/Program Files/Git/etc/gitconfig	filter.lfs.process=git-lfs filter-process
file:C:/Program Files/Git/etc/gitconfig	filter.lfs.required=true
file:C:/Program Files/Git/etc/gitconfig	http.sslbackend=schannel
file:C:/Program Files/Git/etc/gitconfig	core.autocrlf=true
file:C:/Program Files/Git/etc/gitconfig	core.fscache=true
file:C:/Program Files/Git/etc/gitconfig	core.symlinks=false
file:C:/Program Files/Git/etc/gitconfig	pull.rebase=false
file:C:/Program Files/Git/etc/gitconfig	credential.helper=manager
file:C:/Program Files/Git/etc/gitconfig	credential.https://dev.azure.com.usehttppath=true
file:C:/Program Files/Git/etc/gitconfig	init.defaultbranch=master
file:C:/Users/valde/.gitconfig	user.name=Steven Valdez
file:C:/Users/valde/.gitconfig	user.email=SXVB0001@ce.pucmm.edu.do
file:.git/config	core.repositoryformatversion=0
file:.git/config	core.filemode=false
file:.git/config	core.bare=false
file:.git/config	core.logallrefupdates=true
file:.git/config	core.symlinks=false
file:.git/config	core.ignorecase=true
file:.git/config	remote.origin.url=https://github.com/Steven2413/portfolio-steven.git
file:.git/config	remote.origin.fetch=+refs/heads/*:refs/remotes/origin/*
file:.git/config	branch.main.remote=origin
file:.git/config	branch.main.merge=refs/heads/main
file:.git/config	branch.main.vscode-merge-base=origin/main


------------
Diagnostic: Credential storage
Skipped: False
Success: True
Exception: None
Log:
ICredentialStore instance is of type: CredentialStore
Writing test credential... OK
Reading test credential... OK
Deleting test credential... OK

------------
Diagnostic: Microsoft authentication (AAD/MSA)
Skipped: False
Success: True
Exception: None
Log:
Broker is not enabled.
Flow type is: Auto
Gathering MSAL token cache data... OK
CacheDirectory: C:\Users\valde\AppData\Local\.IdentityService
CacheFileName: msal.cache
CacheFilePath: C:\Users\valde\AppData\Local\.IdentityService\msal.cache
Creating cache helper... OK
Verifying MSAL token cache persistence... OK

------------
Diagnostic: GitHub API
Skipped: False
Success: True
Exception: None
Log:
Using 'https://github.com/' as API target.
Querying '/meta' endpoint... OK

